EDA Netlist Writer report for mux6
Thu Feb 20 14:31:13 2014
Quartus II 64-Bit Version 12.0 Build 178 05/31/2012 SJ Full Version


---------------------
; Table of Contents ;
---------------------
  1. Legal Notice
  2. EDA Netlist Writer Summary
  3. Simulation Settings
  4. Simulation Generated Files
  5. EDA Netlist Writer Messages



----------------
; Legal Notice ;
----------------
Copyright (C) 1991-2012 Altera Corporation
Your use of Altera Corporation's design tools, logic functions 
and other software and tools, and its AMPP partner logic 
functions, and any output files from any of the foregoing 
(including device programming or simulation files), and any 
associated documentation or information are expressly subject 
to the terms and conditions of the Altera Program License 
Subscription Agreement, Altera MegaCore Function License 
Agreement, or other applicable license agreement, including, 
without limitation, that your use is for the sole purpose of 
programming logic devices manufactured by Altera and sold by 
Altera or its authorized distributors.  Please refer to the 
applicable agreement for further details.



+-------------------------------------------------------------------+
; EDA Netlist Writer Summary                                        ;
+---------------------------+---------------------------------------+
; EDA Netlist Writer Status ; Successful - Thu Feb 20 14:31:13 2014 ;
; Revision Name             ; mux6                                  ;
; Top-level Entity Name     ; mux6                                  ;
; Family                    ; Cyclone III                           ;
; Simulation Files Creation ; Successful                            ;
+---------------------------+---------------------------------------+


+-------------------------------------------------------------------------------------------------------------------------------+
; Simulation Settings                                                                                                           ;
+---------------------------------------------------------------------------------------------------+---------------------------+
; Option                                                                                            ; Setting                   ;
+---------------------------------------------------------------------------------------------------+---------------------------+
; Tool Name                                                                                         ; ModelSim-Altera (Verilog) ;
; Generate netlist for functional simulation only                                                   ; Off                       ;
; Time scale                                                                                        ; 1 ps                      ;
; Truncate long hierarchy paths                                                                     ; Off                       ;
; Map illegal HDL characters                                                                        ; Off                       ;
; Flatten buses into individual nodes                                                               ; Off                       ;
; Maintain hierarchy                                                                                ; Off                       ;
; Bring out device-wide set/reset signals as ports                                                  ; Off                       ;
; Enable glitch filtering                                                                           ; Off                       ;
; Do not write top level VHDL entity                                                                ; Off                       ;
; Disable detection of setup and hold time violations in the input registers of bi-directional pins ; Off                       ;
; Architecture name in VHDL output netlist                                                          ; structure                 ;
; Generate third-party EDA tool command script for RTL functional simulation                        ; Off                       ;
; Generate third-party EDA tool command script for gate-level simulation                            ; Off                       ;
+---------------------------------------------------------------------------------------------------+---------------------------+


+-------------------------------------------------------------------+
; Simulation Generated Files                                        ;
+-------------------------------------------------------------------+
; Generated Files                                                   ;
+-------------------------------------------------------------------+
; Z:/working/mux6/simulation/modelsim/mux6_6_1200mv_85c_slow.vo     ;
; Z:/working/mux6/simulation/modelsim/mux6_6_1200mv_0c_slow.vo      ;
; Z:/working/mux6/simulation/modelsim/mux6_min_1200mv_0c_fast.vo    ;
; Z:/working/mux6/simulation/modelsim/mux6.vo                       ;
; Z:/working/mux6/simulation/modelsim/mux6_6_1200mv_85c_v_slow.sdo  ;
; Z:/working/mux6/simulation/modelsim/mux6_6_1200mv_0c_v_slow.sdo   ;
; Z:/working/mux6/simulation/modelsim/mux6_min_1200mv_0c_v_fast.sdo ;
; Z:/working/mux6/simulation/modelsim/mux6_v.sdo                    ;
+-------------------------------------------------------------------+


+-----------------------------+
; EDA Netlist Writer Messages ;
+-----------------------------+
Info: *******************************************************************
Info: Running Quartus II 64-Bit EDA Netlist Writer
    Info: Version 12.0 Build 178 05/31/2012 SJ Full Version
    Info: Processing started: Thu Feb 20 14:31:11 2014
Info: Command: quartus_eda --read_settings_files=off --write_settings_files=off mux6 -c mux6
Info (204019): Generated file mux6_6_1200mv_85c_slow.vo in folder "Z:/working/mux6/simulation/modelsim/" for EDA simulation tool
Info (204019): Generated file mux6_6_1200mv_0c_slow.vo in folder "Z:/working/mux6/simulation/modelsim/" for EDA simulation tool
Info (204019): Generated file mux6_min_1200mv_0c_fast.vo in folder "Z:/working/mux6/simulation/modelsim/" for EDA simulation tool
Info (204019): Generated file mux6.vo in folder "Z:/working/mux6/simulation/modelsim/" for EDA simulation tool
Info (204019): Generated file mux6_6_1200mv_85c_v_slow.sdo in folder "Z:/working/mux6/simulation/modelsim/" for EDA simulation tool
Info (204019): Generated file mux6_6_1200mv_0c_v_slow.sdo in folder "Z:/working/mux6/simulation/modelsim/" for EDA simulation tool
Info (204019): Generated file mux6_min_1200mv_0c_v_fast.sdo in folder "Z:/working/mux6/simulation/modelsim/" for EDA simulation tool
Info (204019): Generated file mux6_v.sdo in folder "Z:/working/mux6/simulation/modelsim/" for EDA simulation tool
Info: Quartus II 64-Bit EDA Netlist Writer was successful. 0 errors, 0 warnings
    Info: Peak virtual memory: 359 megabytes
    Info: Processing ended: Thu Feb 20 14:31:13 2014
    Info: Elapsed time: 00:00:02
    Info: Total CPU time (on all processors): 00:00:01


