Flow report for fir
Fri Mar 14 14:45:14 2014
Quartus II 64-Bit Version 13.1.0 Build 162 10/23/2013 SJ Web Edition


---------------------
; Table of Contents ;
---------------------
  1. Legal Notice
  2. Flow Summary
  3. Flow Settings
  4. Flow Non-Default Global Settings
  5. Flow Elapsed Time
  6. Flow OS Summary
  7. Flow Log
  8. Flow Messages
  9. Flow Suppressed Messages



----------------
; Legal Notice ;
----------------
Copyright (C) 1991-2013 Altera Corporation
Your use of Altera Corporation's design tools, logic functions 
and other software and tools, and its AMPP partner logic 
functions, and any output files from any of the foregoing 
(including device programming or simulation files), and any 
associated documentation or information are expressly subject 
to the terms and conditions of the Altera Program License 
Subscription Agreement, Altera MegaCore Function License 
Agreement, or other applicable license agreement, including, 
without limitation, that your use is for the sole purpose of 
programming logic devices manufactured by Altera and sold by 
Altera or its authorized distributors.  Please refer to the 
applicable agreement for further details.



+---------------------------------------------------------------------------------+
; Flow Summary                                                                    ;
+------------------------------------+--------------------------------------------+
; Flow Status                        ; Successful - Fri Mar 14 14:45:14 2014      ;
; Quartus II 64-Bit Version          ; 13.1.0 Build 162 10/23/2013 SJ Web Edition ;
; Revision Name                      ; fir                                        ;
; Top-level Entity Name              ; fir                                        ;
; Family                             ; Cyclone III                                ;
; Device                             ; EP3C16F484C6                               ;
; Timing Models                      ; Final                                      ;
; Total logic elements               ; 11,554 / 15,408 ( 75 % )                   ;
;     Total combinational functions  ; 8,997 / 15,408 ( 58 % )                    ;
;     Dedicated logic registers      ; 4,695 / 15,408 ( 30 % )                    ;
; Total registers                    ; 4695                                       ;
; Total pins                         ; 24 / 347 ( 7 % )                           ;
; Total virtual pins                 ; 0                                          ;
; Total memory bits                  ; 0 / 516,096 ( 0 % )                        ;
; Embedded Multiplier 9-bit elements ; 112 / 112 ( 100 % )                        ;
; Total PLLs                         ; 0 / 4 ( 0 % )                              ;
+------------------------------------+--------------------------------------------+


+-----------------------------------------+
; Flow Settings                           ;
+-------------------+---------------------+
; Option            ; Setting             ;
+-------------------+---------------------+
; Start date & time ; 03/14/2014 14:33:42 ;
; Main task         ; Compilation         ;
; Revision Name     ; fir                 ;
+-------------------+---------------------+


+----------------------------------------------------------------------------------------------------------------------------------+
; Flow Non-Default Global Settings                                                                                                 ;
+-------------------------------------------------+---------------------------------+---------------+-------------+----------------+
; Assignment Name                                 ; Value                           ; Default Value ; Entity Name ; Section Id     ;
+-------------------------------------------------+---------------------------------+---------------+-------------+----------------+
; COMPILER_SIGNATURE_ID                           ; 121370709263.139482922201908    ; --            ; --          ; --             ;
; EDA_OUTPUT_DATA_FORMAT                          ; Systemverilog Hdl               ; --            ; --          ; eda_simulation ;
; EDA_SIMULATION_TOOL                             ; ModelSim-Altera (SystemVerilog) ; <None>        ; --          ; --             ;
; EDA_TIME_SCALE                                  ; 1 ps                            ; --            ; --          ; eda_simulation ;
; MAX_CORE_JUNCTION_TEMP                          ; 85                              ; --            ; --          ; --             ;
; MIN_CORE_JUNCTION_TEMP                          ; 0                               ; --            ; --          ; --             ;
; NOMINAL_CORE_SUPPLY_VOLTAGE                     ; 1.2V                            ; --            ; --          ; --             ;
; PARTITION_COLOR                                 ; 16764057                        ; --            ; --          ; Top            ;
; PARTITION_FITTER_PRESERVATION_LEVEL             ; PLACEMENT_AND_ROUTING           ; --            ; --          ; Top            ;
; PARTITION_NETLIST_TYPE                          ; SOURCE                          ; --            ; --          ; Top            ;
; PHYSICAL_SYNTHESIS_COMBO_LOGIC_FOR_AREA         ; On                              ; Off           ; --          ; --             ;
; PHYSICAL_SYNTHESIS_EFFORT                       ; Extra                           ; Normal        ; --          ; --             ;
; PHYSICAL_SYNTHESIS_MAP_LOGIC_TO_MEMORY_FOR_AREA ; On                              ; Off           ; --          ; --             ;
; VERILOG_INPUT_VERSION                           ; SystemVerilog_2005              ; Verilog_2001  ; --          ; --             ;
; VERILOG_SHOW_LMF_MAPPING_MESSAGES               ; Off                             ; --            ; --          ; --             ;
+-------------------------------------------------+---------------------------------+---------------+-------------+----------------+


+-------------------------------------------------------------------------------------------------------------------------------+
; Flow Elapsed Time                                                                                                             ;
+---------------------------+--------------+-------------------------+---------------------+------------------------------------+
; Module Name               ; Elapsed Time ; Average Processors Used ; Peak Virtual Memory ; Total CPU Time (on all processors) ;
+---------------------------+--------------+-------------------------+---------------------+------------------------------------+
; Analysis & Synthesis      ; 00:01:47     ; 1.0                     ; 598 MB              ; 00:01:35                           ;
; Fitter                    ; 00:05:53     ; 1.0                     ; 878 MB              ; 00:05:40                           ;
; Assembler                 ; 00:00:06     ; 1.0                     ; 481 MB              ; 00:00:05                           ;
; TimeQuest Timing Analyzer ; 00:02:13     ; 1.0                     ; 630 MB              ; 00:02:08                           ;
; EDA Netlist Writer        ; 00:00:36     ; 1.0                     ; 511 MB              ; 00:00:33                           ;
; Total                     ; 00:10:35     ; --                      ; --                  ; 00:10:01                           ;
+---------------------------+--------------+-------------------------+---------------------+------------------------------------+


+----------------------------------------------------------------------------------------+
; Flow OS Summary                                                                        ;
+---------------------------+------------------+-----------+------------+----------------+
; Module Name               ; Machine Hostname ; OS Name   ; OS Version ; Processor type ;
+---------------------------+------------------+-----------+------------+----------------+
; Analysis & Synthesis      ; Hall             ; Windows 7 ; 6.1        ; x86_64         ;
; Fitter                    ; Hall             ; Windows 7 ; 6.1        ; x86_64         ;
; Assembler                 ; Hall             ; Windows 7 ; 6.1        ; x86_64         ;
; TimeQuest Timing Analyzer ; Hall             ; Windows 7 ; 6.1        ; x86_64         ;
; EDA Netlist Writer        ; Hall             ; Windows 7 ; 6.1        ; x86_64         ;
+---------------------------+------------------+-----------+------------+----------------+


------------
; Flow Log ;
------------
quartus_map --read_settings_files=on --write_settings_files=off fir -c fir
quartus_fit --read_settings_files=off --write_settings_files=off fir -c fir
quartus_asm --read_settings_files=off --write_settings_files=off fir -c fir
quartus_sta fir -c fir
quartus_eda --read_settings_files=off --write_settings_files=off fir -c fir



